# Logfile created on 2014-12-01 15:45:48 -0700 by logger.rb/44203
2014-12-01T22:45:51.282Z 64601 TID-ouyftgiqs INFO: Running in ruby 2.1.2p95 (2014-05-08 revision 45877) [x86_64-darwin13.0]
2014-12-01T22:45:51.282Z 64601 TID-ouyftgiqs INFO: See LICENSE and the LGPL-3.0 for licensing details.
2014-12-01T22:45:51.282Z 64601 TID-ouyftgiqs INFO: Upgrade to Sidekiq Pro for more features and support: http://sidekiq.org/pro
2014-12-01T22:45:51.372Z 64601 TID-ouygnx7k8 INFO: Booting Sidekiq 3.3.0 with redis options {}
2014-12-01T23:07:58.788Z 64601 TID-ouyftkpto Sidekiq::Extensions::DelayedMailer JID-8539754d7208a1170094c541 INFO: start
2014-12-01T23:08:00.445Z 64601 TID-ouyftkpto Sidekiq::Extensions::DelayedMailer JID-8539754d7208a1170094c541 INFO: done: 1.656 sec
2014-12-01T23:09:24.287Z 64601 TID-ouyftkpto Sidekiq::Extensions::DelayedClass JID-56c27f43bbd27f69e35a5190 INFO: start
2014-12-01T23:09:25.242Z 64601 TID-ouyftkpto Sidekiq::Extensions::DelayedClass JID-56c27f43bbd27f69e35a5190 INFO: done: 0.955 sec
2014-12-02T00:30:20.303Z 64601 TID-ouyftkpto Sidekiq::Extensions::DelayedMailer JID-e25e109c9307c3006584826a INFO: start
2014-12-02T00:30:20.320Z 64601 TID-ouyfw7pd0 Sidekiq::Extensions::DelayedClass JID-2b6afb8605881fa55c51ad96 INFO: start
2014-12-02T00:30:21.202Z 64601 TID-ouyfw7pd0 Sidekiq::Extensions::DelayedClass JID-2b6afb8605881fa55c51ad96 INFO: done: 0.882 sec
2014-12-02T00:30:21.609Z 64601 TID-ouyftkpto Sidekiq::Extensions::DelayedMailer JID-e25e109c9307c3006584826a INFO: done: 1.305 sec
2014-12-02T01:02:58.547Z 64601 TID-ouyftkpto Sidekiq::Extensions::DelayedClass JID-d07b725dc6b56b084308f7ca INFO: start
2014-12-02T01:02:59.523Z 64601 TID-ouyftkpto Sidekiq::Extensions::DelayedClass JID-d07b725dc6b56b084308f7ca INFO: done: 0.975 sec
2014-12-02T01:04:36.647Z 64601 TID-ouyftkpto Sidekiq::Extensions::DelayedClass JID-c6c0052c54b9806a29058ddb INFO: start
2014-12-02T01:04:37.284Z 64601 TID-ouyftkpto Sidekiq::Extensions::DelayedClass JID-c6c0052c54b9806a29058ddb INFO: done: 0.637 sec
2014-12-02T01:04:41.928Z 64601 TID-ouyftkpto Sidekiq::Extensions::DelayedMailer JID-fad4cd8dcf39c5acb9ce2829 INFO: start
2014-12-02T01:04:45.082Z 64601 TID-ouyftkpto Sidekiq::Extensions::DelayedMailer JID-fad4cd8dcf39c5acb9ce2829 INFO: done: 3.153 sec
2014-12-02T01:06:10.275Z 64601 TID-ouyftkpto Sidekiq::Extensions::DelayedClass JID-fe82c91d04af1b3975562a02 INFO: start
2014-12-02T01:06:10.956Z 64601 TID-ouyftkpto Sidekiq::Extensions::DelayedClass JID-fe82c91d04af1b3975562a02 INFO: done: 0.682 sec
2014-12-02T14:21:40.940Z 64601 TID-ouyftkpto Sidekiq::Extensions::DelayedMailer JID-1db79c263e38bef398017b17 INFO: start
2014-12-02T14:21:40.955Z 64601 TID-ouyfw7pd0 Sidekiq::Extensions::DelayedClass JID-7344d98348380fc3a615692d INFO: start
2014-12-02T14:21:41.709Z 64601 TID-ouyfw7pd0 Sidekiq::Extensions::DelayedClass JID-7344d98348380fc3a615692d INFO: done: 0.753 sec
2014-12-02T14:21:42.222Z 64601 TID-ouyftkpto Sidekiq::Extensions::DelayedMailer JID-1db79c263e38bef398017b17 INFO: done: 1.282 sec
2014-12-02T14:42:14.150Z 64601 TID-ouyftkpto Sidekiq::Extensions::DelayedMailer JID-32642d360cc756b17cadd9eb INFO: start
2014-12-02T14:42:14.182Z 64601 TID-ouyfw7pd0 Sidekiq::Extensions::DelayedClass JID-a9768fd26877e2ee5ec3c019 INFO: start
2014-12-02T14:42:14.961Z 64601 TID-ouyfw7pd0 Sidekiq::Extensions::DelayedClass JID-a9768fd26877e2ee5ec3c019 INFO: done: 0.779 sec
2014-12-02T14:42:18.448Z 64601 TID-ouyftkpto Sidekiq::Extensions::DelayedMailer JID-32642d360cc756b17cadd9eb INFO: done: 4.298 sec
2014-12-02T14:42:29.662Z 64601 TID-ouyfw7pd0 Sidekiq::Extensions::DelayedClass JID-b2e74c609d818395fe457318 INFO: start
2014-12-02T14:42:29.669Z 64601 TID-ouyftkpto Sidekiq::Extensions::DelayedMailer JID-70cb064b4e9c4665a9925289 INFO: start
2014-12-02T14:42:30.219Z 64601 TID-ouyfw7pd0 Sidekiq::Extensions::DelayedClass JID-b2e74c609d818395fe457318 INFO: done: 0.557 sec
2014-12-02T14:42:30.626Z 64601 TID-ouyftkpto Sidekiq::Extensions::DelayedMailer JID-70cb064b4e9c4665a9925289 INFO: done: 0.957 sec
2014-12-02T14:44:58.626Z 64601 TID-ouyfw7pd0 Sidekiq::Extensions::DelayedClass JID-995cf6a03435ee06b8760c76 INFO: start
2014-12-02T14:44:58.628Z 64601 TID-ouyftkpto Sidekiq::Extensions::DelayedMailer JID-0bb1cdee6af81b4b01c7b903 INFO: start
2014-12-02T14:44:59.320Z 64601 TID-ouyfw7pd0 Sidekiq::Extensions::DelayedClass JID-995cf6a03435ee06b8760c76 INFO: done: 0.694 sec
2014-12-02T14:44:59.983Z 64601 TID-ouyftkpto Sidekiq::Extensions::DelayedMailer JID-0bb1cdee6af81b4b01c7b903 INFO: done: 1.355 sec
2014-12-02T14:47:47.579Z 64601 TID-ouyftkpto Sidekiq::Extensions::DelayedMailer JID-5a339c4568066807973e09aa INFO: start
2014-12-02T14:47:47.598Z 64601 TID-ouyfw7pd0 Sidekiq::Extensions::DelayedClass JID-a6e42d23acdda18c3722135a INFO: start
2014-12-02T14:47:48.235Z 64601 TID-ouyfw7pd0 Sidekiq::Extensions::DelayedClass JID-a6e42d23acdda18c3722135a INFO: done: 0.637 sec
2014-12-02T14:47:48.771Z 64601 TID-ouyftkpto Sidekiq::Extensions::DelayedMailer JID-5a339c4568066807973e09aa INFO: done: 1.192 sec
2014-12-02T14:50:01.830Z 64601 TID-ouyftkpto Sidekiq::Extensions::DelayedMailer JID-efcb760703fe8d6f6f58dbf7 INFO: start
2014-12-02T14:50:01.854Z 64601 TID-ouyfw7pd0 Sidekiq::Extensions::DelayedClass JID-26366048175d6fd859fc737c INFO: start
2014-12-02T14:50:02.438Z 64601 TID-ouyfw7pd0 Sidekiq::Extensions::DelayedClass JID-26366048175d6fd859fc737c INFO: done: 0.585 sec
2014-12-02T14:50:03.062Z 64601 TID-ouyftkpto Sidekiq::Extensions::DelayedMailer JID-efcb760703fe8d6f6f58dbf7 INFO: done: 1.233 sec
2014-12-02T14:51:19.270Z 64601 TID-ouyftkpto Sidekiq::Extensions::DelayedMailer JID-ba00451b47f19b1564a1a2a3 INFO: start
2014-12-02T14:51:19.287Z 64601 TID-ouyfw7pd0 Sidekiq::Extensions::DelayedClass JID-e9d54487506bf1be033a8764 INFO: start
2014-12-02T14:51:19.915Z 64601 TID-ouyfw7pd0 Sidekiq::Extensions::DelayedClass JID-e9d54487506bf1be033a8764 INFO: done: 0.628 sec
2014-12-02T14:51:20.631Z 64601 TID-ouyftkpto Sidekiq::Extensions::DelayedMailer JID-ba00451b47f19b1564a1a2a3 INFO: done: 1.361 sec
2014-12-02T17:08:44.197Z 64601 TID-ouyftkpto Sidekiq::Extensions::DelayedMailer JID-17696c0b6bd507f9cb06a30d INFO: start
2014-12-02T17:08:44.222Z 64601 TID-ouyfw7pd0 Sidekiq::Extensions::DelayedClass JID-2e8a33b8e689e173aa8c6f46 INFO: start
2014-12-02T17:08:44.952Z 64601 TID-ouyfw7pd0 Sidekiq::Extensions::DelayedClass JID-2e8a33b8e689e173aa8c6f46 INFO: done: 0.731 sec
2014-12-02T17:08:45.207Z 64601 TID-ouyftkpto Sidekiq::Extensions::DelayedMailer JID-17696c0b6bd507f9cb06a30d INFO: done: 1.01 sec
2014-12-02T17:08:54.543Z 64601 TID-ouyftkpto Sidekiq::Extensions::DelayedMailer JID-3288a904205d08f6a8f858d0 INFO: start
2014-12-02T17:08:54.575Z 64601 TID-ouyfw7pd0 Sidekiq::Extensions::DelayedClass JID-d705372dde571f15294a1e53 INFO: start
2014-12-02T17:08:55.156Z 64601 TID-ouyfw7pd0 Sidekiq::Extensions::DelayedClass JID-d705372dde571f15294a1e53 INFO: done: 0.581 sec
2014-12-02T17:08:55.953Z 64601 TID-ouyftkpto Sidekiq::Extensions::DelayedMailer JID-3288a904205d08f6a8f858d0 INFO: done: 1.41 sec
2014-12-02T17:13:03.533Z 64601 TID-ouyftkpto Sidekiq::Extensions::DelayedMailer JID-b88e70942f7e36a8b6045175 INFO: start
2014-12-02T17:13:03.541Z 64601 TID-ouyfw7pd0 Sidekiq::Extensions::DelayedClass JID-2075215b6b1e9de53af427ca INFO: start
2014-12-02T17:13:04.186Z 64601 TID-ouyfw7pd0 Sidekiq::Extensions::DelayedClass JID-2075215b6b1e9de53af427ca INFO: done: 0.645 sec
2014-12-02T17:13:04.879Z 64601 TID-ouyftkpto Sidekiq::Extensions::DelayedMailer JID-b88e70942f7e36a8b6045175 INFO: done: 1.346 sec
2014-12-02T17:27:21.395Z 64601 TID-ouyftkpto Sidekiq::Extensions::DelayedMailer JID-95d21e92ec82da3dd89e1304 INFO: start
2014-12-02T17:27:21.415Z 64601 TID-ouyfw7pd0 Sidekiq::Extensions::DelayedClass JID-57ceb8e43ea00f3b5a170557 INFO: start
2014-12-02T17:27:22.282Z 64601 TID-ouyfw7pd0 Sidekiq::Extensions::DelayedClass JID-57ceb8e43ea00f3b5a170557 INFO: done: 0.867 sec
2014-12-02T17:27:22.596Z 64601 TID-ouyftkpto Sidekiq::Extensions::DelayedMailer JID-95d21e92ec82da3dd89e1304 INFO: done: 1.2 sec
2014-12-02T17:27:22.793Z 64601 TID-ouyftkpto Sidekiq::Extensions::DelayedMailer JID-1ddefcff4553b3cf69c37fdc INFO: start
2014-12-02T17:27:22.812Z 64601 TID-ouyfw7pd0 Sidekiq::Extensions::DelayedClass JID-d5127859fbc3d98ed6d7006c INFO: start
2014-12-02T17:27:23.674Z 64601 TID-ouyfw7pd0 Sidekiq::Extensions::DelayedClass JID-d5127859fbc3d98ed6d7006c INFO: done: 0.863 sec
2014-12-02T17:27:24.528Z 64601 TID-ouyftkpto Sidekiq::Extensions::DelayedMailer JID-1ddefcff4553b3cf69c37fdc INFO: done: 1.736 sec
2014-12-02T17:27:29.967Z 64601 TID-ouyftkpto Sidekiq::Extensions::DelayedMailer JID-06669e7ae89b8c6ecf11eff3 INFO: start
2014-12-02T17:27:30.006Z 64601 TID-ouyfw7pd0 Sidekiq::Extensions::DelayedClass JID-6025479ef2ecc092541e4784 INFO: start
2014-12-02T17:27:30.538Z 64601 TID-ouyfw7pd0 Sidekiq::Extensions::DelayedClass JID-6025479ef2ecc092541e4784 INFO: done: 0.531 sec
2014-12-02T17:27:31.186Z 64601 TID-ouyftkpto Sidekiq::Extensions::DelayedMailer JID-06669e7ae89b8c6ecf11eff3 INFO: done: 1.22 sec
2014-12-02T17:31:28.619Z 64601 TID-ouyftkpto Sidekiq::Extensions::DelayedMailer JID-bf6cdbf3fa8bd241e2002b34 INFO: start
2014-12-02T17:31:28.653Z 64601 TID-ouyfw7pd0 Sidekiq::Extensions::DelayedClass JID-f66298f094b1de12d15ff8b2 INFO: start
2014-12-02T17:31:29.262Z 64601 TID-ouyfw7pd0 Sidekiq::Extensions::DelayedClass JID-f66298f094b1de12d15ff8b2 INFO: done: 0.609 sec
2014-12-02T17:31:30.035Z 64601 TID-ouyftkpto Sidekiq::Extensions::DelayedMailer JID-bf6cdbf3fa8bd241e2002b34 INFO: done: 1.416 sec
2014-12-02T17:45:20.315Z 64601 TID-ouyftkpto Sidekiq::Extensions::DelayedMailer JID-1eef58b91772ef2d90d0c9e2 INFO: start
2014-12-02T17:45:20.336Z 64601 TID-ouyfw7pd0 Sidekiq::Extensions::DelayedClass JID-387f03c722e23603c30c9f39 INFO: start
2014-12-02T17:45:21.534Z 64601 TID-ouyfw7pd0 Sidekiq::Extensions::DelayedClass JID-387f03c722e23603c30c9f39 INFO: done: 1.198 sec
2014-12-02T17:45:22.231Z 64601 TID-ouyftkpto Sidekiq::Extensions::DelayedMailer JID-1eef58b91772ef2d90d0c9e2 INFO: done: 1.916 sec
2014-12-02T17:49:28.394Z 64601 TID-ouyfw7pd0 Sidekiq::Extensions::DelayedClass JID-5869242822cb7bb555618424 INFO: start
2014-12-02T17:49:28.408Z 64601 TID-ouyftkpto Sidekiq::Extensions::DelayedMailer JID-b0ad4eab44104943b087c485 INFO: start
2014-12-02T17:49:29.086Z 64601 TID-ouyfw7pd0 Sidekiq::Extensions::DelayedClass JID-5869242822cb7bb555618424 INFO: done: 0.692 sec
2014-12-02T17:49:29.649Z 64601 TID-ouyftkpto Sidekiq::Extensions::DelayedMailer JID-b0ad4eab44104943b087c485 INFO: done: 1.241 sec
